Terminals unused in grammar

    TK_PR_THEN
    TK_PR_FOREACH
    TK_PR_SWITCH
    TK_PR_CASE
    TK_PR_CLASS
    TK_PR_PRIVATE
    TK_PR_PUBLIC
    TK_PR_PROTECTED
    TK_PR_END
    TK_PR_DEFAULT
    TOKEN_ERRO


Grammar

    0 $accept: program $end

    1 program: program dec_var_global
    2        | program func
    3        | %empty

    4 dec_var_global: static type var_global_list ';'

    5 static: TK_PR_STATIC
    6       | %empty

    7 type: TK_PR_INT
    8     | TK_PR_FLOAT
    9     | TK_PR_CHAR
   10     | TK_PR_BOOL
   11     | TK_PR_STRING

   12 var_global_list: var_global ',' var_global_list
   13                | var_global

   14 var_global: TK_IDENTIFICADOR
   15           | TK_IDENTIFICADOR '[' TK_LIT_INT ']'

   16 func: static type TK_IDENTIFICADOR '(' parameters ')' '{' command_block '}'

   17 parameters: parameters_list
   18           | %empty

   19 parameters_list: parameter ',' parameters_list
   20                | parameter

   21 parameter: const type TK_IDENTIFICADOR

   22 const: TK_PR_CONST
   23      | %empty

   24 command_block: command ';' command_block
   25              | %empty

   26 command: dec_var_local
   27        | attr
   28        | input
   29        | output
   30        | func_call
   31        | shift
   32        | return
   33        | TK_PR_BREAK
   34        | TK_PR_CONTINUE
   35        | if_then_else_opt
   36        | for_block
   37        | while_block

   38 dec_var_local: static const type var_local_list

   39 var_local_list: var_local ',' var_local_list
   40               | var_local

   41 var_local: TK_IDENTIFICADOR
   42          | TK_IDENTIFICADOR TK_OC_LE TK_IDENTIFICADOR
   43          | TK_IDENTIFICADOR TK_OC_LE literal

   44 literal: opt_sign TK_LIT_INT
   45        | opt_sign TK_LIT_FLOAT
   46        | TK_LIT_FALSE
   47        | TK_LIT_TRUE
   48        | TK_LIT_CHAR
   49        | TK_LIT_STRING

   50 opt_sign: '+'
   51         | '-'
   52         | %empty

   53 attr: TK_IDENTIFICADOR '=' expr
   54     | TK_IDENTIFICADOR '[' expr ']' '=' expr

   55 input: TK_PR_INPUT TK_IDENTIFICADOR

   56 output: TK_PR_OUTPUT TK_IDENTIFICADOR
   57       | TK_PR_OUTPUT literal

   58 func_call: TK_IDENTIFICADOR '(' func_call_parameters_list ')'

   59 func_call_parameters_list: func_call_parameter ',' func_call_parameters_list
   60                          | func_call_parameter

   61 func_call_parameter: expr
   62                    | %empty

   63 shift: TK_IDENTIFICADOR optional_vec shift_op TK_LIT_INT

   64 optional_vec: '[' expr ']'
   65             | %empty

   66 shift_op: TK_OC_SL
   67         | TK_OC_SR

   68 return: TK_PR_RETURN expr

   69 if_then_else_opt: TK_PR_IF '(' expr ')' '{' command_block '}' else_opt

   70 else_opt: TK_PR_ELSE '{' command_block '}'
   71         | %empty

   72 for_block: TK_PR_FOR '(' attr ':' expr ':' attr ')' '{' command_block '}'

   73 while_block: TK_PR_WHILE '(' expr ')' TK_PR_DO '{' command_block '}'

   74 expr: logical_or_or_and '?' expr ':' expr
   75     | logical_or_or_and

   76 logical_or_or_and: logical_or_or_and TK_OC_OR logical_and_or_bit_or
   77                  | logical_and_or_bit_or

   78 logical_and_or_bit_or: logical_and_or_bit_or TK_OC_AND bit_or_or_bit_and
   79                      | bit_or_or_bit_and

   80 bit_or_or_bit_and: bit_or_or_bit_and '|' bit_and_or_eq
   81                  | bit_and_or_eq

   82 bit_and_or_eq: bit_and_or_eq '&' eq_neq_or_compare
   83              | eq_neq_or_compare

   84 eq_neq_or_compare: eq_neq_or_compare TK_OC_EQ compare_or_sum
   85                  | eq_neq_or_compare TK_OC_NE compare_or_sum
   86                  | compare_or_sum

   87 compare_or_sum: compare_or_sum TK_OC_LE sum_sub_or_mult_div_or_pow
   88               | compare_or_sum TK_OC_GE sum_sub_or_mult_div_or_pow
   89               | compare_or_sum '<' sum_sub_or_mult_div_or_pow
   90               | compare_or_sum '>' sum_sub_or_mult_div_or_pow
   91               | sum_sub_or_mult_div_or_pow

   92 sum_sub_or_mult_div_or_pow: sum_sub_or_mult_div_or_pow '+' mult_div_or_pow
   93                           | sum_sub_or_mult_div_or_pow '-' mult_div_or_pow
   94                           | mult_div_or_pow

   95 mult_div_or_pow: mult_div_or_pow '*' pow_or_op
   96                | mult_div_or_pow '/' pow_or_op
   97                | mult_div_or_pow '%' pow_or_op
   98                | pow_or_op

   99 pow_or_op: pow_or_op '^' op
  100          | op

  101 op: opt_op_unary operand

  102 operand: unsigned_literal
  103        | TK_IDENTIFICADOR optional_vec
  104        | func_call
  105        | '(' expr ')'

  106 unsigned_literal: TK_LIT_INT
  107                 | TK_LIT_FLOAT
  108                 | TK_LIT_FALSE
  109                 | TK_LIT_TRUE
  110                 | TK_LIT_CHAR
  111                 | TK_LIT_STRING

  112 opt_op_unary: '+'
  113             | '-'
  114             | '!'
  115             | '&'
  116             | '*'
  117             | '?'
  118             | '#'
  119             | %empty


Terminals, with rules where they appear

    $end (0) 0
    '!' (33) 114
    '#' (35) 118
    '%' (37) 97
    '&' (38) 82 115
    '(' (40) 16 58 69 72 73 105
    ')' (41) 16 58 69 72 73 105
    '*' (42) 95 116
    '+' (43) 50 92 112
    ',' (44) 12 19 39 59
    '-' (45) 51 93 113
    '/' (47) 96
    ':' (58) 72 74
    ';' (59) 4 24
    '<' (60) 89
    '=' (61) 53 54
    '>' (62) 90
    '?' (63) 74 117
    '[' (91) 15 54 64
    ']' (93) 15 54 64
    '^' (94) 99
    '{' (123) 16 69 70 72 73
    '|' (124) 80
    '}' (125) 16 69 70 72 73
    error (256)
    TK_PR_INT (258) 7
    TK_PR_FLOAT (259) 8
    TK_PR_BOOL (260) 10
    TK_PR_CHAR (261) 9
    TK_PR_STRING (262) 11
    TK_PR_IF (263) 69
    TK_PR_THEN (264)
    TK_PR_ELSE (265) 70
    TK_PR_WHILE (266) 73
    TK_PR_DO (267) 73
    TK_PR_INPUT (268) 55
    TK_PR_OUTPUT (269) 56 57
    TK_PR_RETURN (270) 68
    TK_PR_CONST (271) 22
    TK_PR_STATIC (272) 5
    TK_PR_FOREACH (273)
    TK_PR_FOR (274) 72
    TK_PR_SWITCH (275)
    TK_PR_CASE (276)
    TK_PR_BREAK (277) 33
    TK_PR_CONTINUE (278) 34
    TK_PR_CLASS (279)
    TK_PR_PRIVATE (280)
    TK_PR_PUBLIC (281)
    TK_PR_PROTECTED (282)
    TK_PR_END (283)
    TK_PR_DEFAULT (284)
    TK_OC_LE (285) 42 43 87
    TK_OC_GE (286) 88
    TK_OC_EQ (287) 84
    TK_OC_NE (288) 85
    TK_OC_AND (289) 78
    TK_OC_OR (290) 76
    TK_OC_SL (291) 66
    TK_OC_SR (292) 67
    TK_LIT_INT (293) 15 44 63 106
    TK_LIT_FLOAT (294) 45 107
    TK_LIT_FALSE (295) 46 108
    TK_LIT_TRUE (296) 47 109
    TK_LIT_CHAR (297) 48 110
    TK_LIT_STRING (298) 49 111
    TK_IDENTIFICADOR (299) 14 15 16 21 41 42 43 53 54 55 56 58 63 103
    TOKEN_ERRO (300)


Nonterminals, with rules where they appear

    $accept (69)
        on left: 0
    program (70)
        on left: 1 2 3
        on right: 0 1 2
    dec_var_global (71)
        on left: 4
        on right: 1
    static (72)
        on left: 5 6
        on right: 4 16 38
    type (73)
        on left: 7 8 9 10 11
        on right: 4 16 21 38
    var_global_list (74)
        on left: 12 13
        on right: 4 12
    var_global (75)
        on left: 14 15
        on right: 12 13
    func (76)
        on left: 16
        on right: 2
    parameters (77)
        on left: 17 18
        on right: 16
    parameters_list (78)
        on left: 19 20
        on right: 17 19
    parameter (79)
        on left: 21
        on right: 19 20
    const (80)
        on left: 22 23
        on right: 21 38
    command_block (81)
        on left: 24 25
        on right: 16 24 69 70 72 73
    command (82)
        on left: 26 27 28 29 30 31 32 33 34 35 36 37
        on right: 24
    dec_var_local (83)
        on left: 38
        on right: 26
    var_local_list (84)
        on left: 39 40
        on right: 38 39
    var_local (85)
        on left: 41 42 43
        on right: 39 40
    literal (86)
        on left: 44 45 46 47 48 49
        on right: 43 57
    opt_sign (87)
        on left: 50 51 52
        on right: 44 45
    attr (88)
        on left: 53 54
        on right: 27 72
    input (89)
        on left: 55
        on right: 28
    output (90)
        on left: 56 57
        on right: 29
    func_call (91)
        on left: 58
        on right: 30 104
    func_call_parameters_list (92)
        on left: 59 60
        on right: 58 59
    func_call_parameter (93)
        on left: 61 62
        on right: 59 60
    shift (94)
        on left: 63
        on right: 31
    optional_vec (95)
        on left: 64 65
        on right: 63 103
    shift_op (96)
        on left: 66 67
        on right: 63
    return (97)
        on left: 68
        on right: 32
    if_then_else_opt (98)
        on left: 69
        on right: 35
    else_opt (99)
        on left: 70 71
        on right: 69
    for_block (100)
        on left: 72
        on right: 36
    while_block (101)
        on left: 73
        on right: 37
    expr (102)
        on left: 74 75
        on right: 53 54 61 64 68 69 72 73 74 105
    logical_or_or_and (103)
        on left: 76 77
        on right: 74 75 76
    logical_and_or_bit_or (104)
        on left: 78 79
        on right: 76 77 78
    bit_or_or_bit_and (105)
        on left: 80 81
        on right: 78 79 80
    bit_and_or_eq (106)
        on left: 82 83
        on right: 80 81 82
    eq_neq_or_compare (107)
        on left: 84 85 86
        on right: 82 83 84 85
    compare_or_sum (108)
        on left: 87 88 89 90 91
        on right: 84 85 86 87 88 89 90
    sum_sub_or_mult_div_or_pow (109)
        on left: 92 93 94
        on right: 87 88 89 90 91 92 93
    mult_div_or_pow (110)
        on left: 95 96 97 98
        on right: 92 93 94 95 96 97
    pow_or_op (111)
        on left: 99 100
        on right: 95 96 97 98 99
    op (112)
        on left: 101
        on right: 99 100
    operand (113)
        on left: 102 103 104 105
        on right: 101
    unsigned_literal (114)
        on left: 106 107 108 109 110 111
        on right: 102
    opt_op_unary (115)
        on left: 112 113 114 115 116 117 118 119
        on right: 101


State 0

    0 $accept: . program $end

    $default  reduce using rule 3 (program)

    program  go to state 1


State 1

    0 $accept: program . $end
    1 program: program . dec_var_global
    2        | program . func

    $end          shift, and go to state 2
    TK_PR_STATIC  shift, and go to state 3

    $default  reduce using rule 6 (static)

    dec_var_global  go to state 4
    static          go to state 5
    func            go to state 6


State 2

    0 $accept: program $end .

    $default  accept


State 3

    5 static: TK_PR_STATIC .

    $default  reduce using rule 5 (static)


State 4

    1 program: program dec_var_global .

    $default  reduce using rule 1 (program)


State 5

    4 dec_var_global: static . type var_global_list ';'
   16 func: static . type TK_IDENTIFICADOR '(' parameters ')' '{' command_block '}'

    TK_PR_INT     shift, and go to state 7
    TK_PR_FLOAT   shift, and go to state 8
    TK_PR_BOOL    shift, and go to state 9
    TK_PR_CHAR    shift, and go to state 10
    TK_PR_STRING  shift, and go to state 11

    type  go to state 12


State 6

    2 program: program func .

    $default  reduce using rule 2 (program)


State 7

    7 type: TK_PR_INT .

    $default  reduce using rule 7 (type)


State 8

    8 type: TK_PR_FLOAT .

    $default  reduce using rule 8 (type)


State 9

   10 type: TK_PR_BOOL .

    $default  reduce using rule 10 (type)


State 10

    9 type: TK_PR_CHAR .

    $default  reduce using rule 9 (type)


State 11

   11 type: TK_PR_STRING .

    $default  reduce using rule 11 (type)


State 12

    4 dec_var_global: static type . var_global_list ';'
   16 func: static type . TK_IDENTIFICADOR '(' parameters ')' '{' command_block '}'

    TK_IDENTIFICADOR  shift, and go to state 13

    var_global_list  go to state 14
    var_global       go to state 15


State 13

   14 var_global: TK_IDENTIFICADOR .
   15           | TK_IDENTIFICADOR . '[' TK_LIT_INT ']'
   16 func: static type TK_IDENTIFICADOR . '(' parameters ')' '{' command_block '}'

    '['  shift, and go to state 16
    '('  shift, and go to state 17

    $default  reduce using rule 14 (var_global)


State 14

    4 dec_var_global: static type var_global_list . ';'

    ';'  shift, and go to state 18


State 15

   12 var_global_list: var_global . ',' var_global_list
   13                | var_global .

    ','  shift, and go to state 19

    $default  reduce using rule 13 (var_global_list)


State 16

   15 var_global: TK_IDENTIFICADOR '[' . TK_LIT_INT ']'

    TK_LIT_INT  shift, and go to state 20


State 17

   16 func: static type TK_IDENTIFICADOR '(' . parameters ')' '{' command_block '}'

    TK_PR_CONST  shift, and go to state 21

    ')'       reduce using rule 18 (parameters)
    $default  reduce using rule 23 (const)

    parameters       go to state 22
    parameters_list  go to state 23
    parameter        go to state 24
    const            go to state 25


State 18

    4 dec_var_global: static type var_global_list ';' .

    $default  reduce using rule 4 (dec_var_global)


State 19

   12 var_global_list: var_global ',' . var_global_list

    TK_IDENTIFICADOR  shift, and go to state 26

    var_global_list  go to state 27
    var_global       go to state 15


State 20

   15 var_global: TK_IDENTIFICADOR '[' TK_LIT_INT . ']'

    ']'  shift, and go to state 28


State 21

   22 const: TK_PR_CONST .

    $default  reduce using rule 22 (const)


State 22

   16 func: static type TK_IDENTIFICADOR '(' parameters . ')' '{' command_block '}'

    ')'  shift, and go to state 29


State 23

   17 parameters: parameters_list .

    $default  reduce using rule 17 (parameters)


State 24

   19 parameters_list: parameter . ',' parameters_list
   20                | parameter .

    ','  shift, and go to state 30

    $default  reduce using rule 20 (parameters_list)


State 25

   21 parameter: const . type TK_IDENTIFICADOR

    TK_PR_INT     shift, and go to state 7
    TK_PR_FLOAT   shift, and go to state 8
    TK_PR_BOOL    shift, and go to state 9
    TK_PR_CHAR    shift, and go to state 10
    TK_PR_STRING  shift, and go to state 11

    type  go to state 31


State 26

   14 var_global: TK_IDENTIFICADOR .
   15           | TK_IDENTIFICADOR . '[' TK_LIT_INT ']'

    '['  shift, and go to state 16

    $default  reduce using rule 14 (var_global)


State 27

   12 var_global_list: var_global ',' var_global_list .

    $default  reduce using rule 12 (var_global_list)


State 28

   15 var_global: TK_IDENTIFICADOR '[' TK_LIT_INT ']' .

    $default  reduce using rule 15 (var_global)


State 29

   16 func: static type TK_IDENTIFICADOR '(' parameters ')' . '{' command_block '}'

    '{'  shift, and go to state 32


State 30

   19 parameters_list: parameter ',' . parameters_list

    TK_PR_CONST  shift, and go to state 21

    $default  reduce using rule 23 (const)

    parameters_list  go to state 33
    parameter        go to state 24
    const            go to state 25


State 31

   21 parameter: const type . TK_IDENTIFICADOR

    TK_IDENTIFICADOR  shift, and go to state 34


State 32

   16 func: static type TK_IDENTIFICADOR '(' parameters ')' '{' . command_block '}'

    TK_PR_IF          shift, and go to state 35
    TK_PR_WHILE       shift, and go to state 36
    TK_PR_INPUT       shift, and go to state 37
    TK_PR_OUTPUT      shift, and go to state 38
    TK_PR_RETURN      shift, and go to state 39
    TK_PR_STATIC      shift, and go to state 3
    TK_PR_FOR         shift, and go to state 40
    TK_PR_BREAK       shift, and go to state 41
    TK_PR_CONTINUE    shift, and go to state 42
    TK_IDENTIFICADOR  shift, and go to state 43

    '}'       reduce using rule 25 (command_block)
    $default  reduce using rule 6 (static)

    static            go to state 44
    command_block     go to state 45
    command           go to state 46
    dec_var_local     go to state 47
    attr              go to state 48
    input             go to state 49
    output            go to state 50
    func_call         go to state 51
    shift             go to state 52
    return            go to state 53
    if_then_else_opt  go to state 54
    for_block         go to state 55
    while_block       go to state 56


State 33

   19 parameters_list: parameter ',' parameters_list .

    $default  reduce using rule 19 (parameters_list)


State 34

   21 parameter: const type TK_IDENTIFICADOR .

    $default  reduce using rule 21 (parameter)


State 35

   69 if_then_else_opt: TK_PR_IF . '(' expr ')' '{' command_block '}' else_opt

    '('  shift, and go to state 57


State 36

   73 while_block: TK_PR_WHILE . '(' expr ')' TK_PR_DO '{' command_block '}'

    '('  shift, and go to state 58


State 37

   55 input: TK_PR_INPUT . TK_IDENTIFICADOR

    TK_IDENTIFICADOR  shift, and go to state 59


State 38

   56 output: TK_PR_OUTPUT . TK_IDENTIFICADOR
   57       | TK_PR_OUTPUT . literal

    TK_LIT_FALSE      shift, and go to state 60
    TK_LIT_TRUE       shift, and go to state 61
    TK_LIT_CHAR       shift, and go to state 62
    TK_LIT_STRING     shift, and go to state 63
    TK_IDENTIFICADOR  shift, and go to state 64
    '+'               shift, and go to state 65
    '-'               shift, and go to state 66

    $default  reduce using rule 52 (opt_sign)

    literal   go to state 67
    opt_sign  go to state 68


State 39

   68 return: TK_PR_RETURN . expr

    '&'  shift, and go to state 69
    '#'  shift, and go to state 70
    '+'  shift, and go to state 71
    '-'  shift, and go to state 72
    '?'  shift, and go to state 73
    '*'  shift, and go to state 74
    '!'  shift, and go to state 75

    $default  reduce using rule 119 (opt_op_unary)

    expr                        go to state 76
    logical_or_or_and           go to state 77
    logical_and_or_bit_or       go to state 78
    bit_or_or_bit_and           go to state 79
    bit_and_or_eq               go to state 80
    eq_neq_or_compare           go to state 81
    compare_or_sum              go to state 82
    sum_sub_or_mult_div_or_pow  go to state 83
    mult_div_or_pow             go to state 84
    pow_or_op                   go to state 85
    op                          go to state 86
    opt_op_unary                go to state 87


State 40

   72 for_block: TK_PR_FOR . '(' attr ':' expr ':' attr ')' '{' command_block '}'

    '('  shift, and go to state 88


State 41

   33 command: TK_PR_BREAK .

    $default  reduce using rule 33 (command)


State 42

   34 command: TK_PR_CONTINUE .

    $default  reduce using rule 34 (command)


State 43

   53 attr: TK_IDENTIFICADOR . '=' expr
   54     | TK_IDENTIFICADOR . '[' expr ']' '=' expr
   58 func_call: TK_IDENTIFICADOR . '(' func_call_parameters_list ')'
   63 shift: TK_IDENTIFICADOR . optional_vec shift_op TK_LIT_INT

    '['  shift, and go to state 89
    '('  shift, and go to state 90
    '='  shift, and go to state 91

    $default  reduce using rule 65 (optional_vec)

    optional_vec  go to state 92


State 44

   38 dec_var_local: static . const type var_local_list

    TK_PR_CONST  shift, and go to state 21

    $default  reduce using rule 23 (const)

    const  go to state 93


State 45

   16 func: static type TK_IDENTIFICADOR '(' parameters ')' '{' command_block . '}'

    '}'  shift, and go to state 94


State 46

   24 command_block: command . ';' command_block

    ';'  shift, and go to state 95


State 47

   26 command: dec_var_local .

    $default  reduce using rule 26 (command)


State 48

   27 command: attr .

    $default  reduce using rule 27 (command)


State 49

   28 command: input .

    $default  reduce using rule 28 (command)


State 50

   29 command: output .

    $default  reduce using rule 29 (command)


State 51

   30 command: func_call .

    $default  reduce using rule 30 (command)


State 52

   31 command: shift .

    $default  reduce using rule 31 (command)


State 53

   32 command: return .

    $default  reduce using rule 32 (command)


State 54

   35 command: if_then_else_opt .

    $default  reduce using rule 35 (command)


State 55

   36 command: for_block .

    $default  reduce using rule 36 (command)


State 56

   37 command: while_block .

    $default  reduce using rule 37 (command)


State 57

   69 if_then_else_opt: TK_PR_IF '(' . expr ')' '{' command_block '}' else_opt

    '&'  shift, and go to state 69
    '#'  shift, and go to state 70
    '+'  shift, and go to state 71
    '-'  shift, and go to state 72
    '?'  shift, and go to state 73
    '*'  shift, and go to state 74
    '!'  shift, and go to state 75

    $default  reduce using rule 119 (opt_op_unary)

    expr                        go to state 96
    logical_or_or_and           go to state 77
    logical_and_or_bit_or       go to state 78
    bit_or_or_bit_and           go to state 79
    bit_and_or_eq               go to state 80
    eq_neq_or_compare           go to state 81
    compare_or_sum              go to state 82
    sum_sub_or_mult_div_or_pow  go to state 83
    mult_div_or_pow             go to state 84
    pow_or_op                   go to state 85
    op                          go to state 86
    opt_op_unary                go to state 87


State 58

   73 while_block: TK_PR_WHILE '(' . expr ')' TK_PR_DO '{' command_block '}'

    '&'  shift, and go to state 69
    '#'  shift, and go to state 70
    '+'  shift, and go to state 71
    '-'  shift, and go to state 72
    '?'  shift, and go to state 73
    '*'  shift, and go to state 74
    '!'  shift, and go to state 75

    $default  reduce using rule 119 (opt_op_unary)

    expr                        go to state 97
    logical_or_or_and           go to state 77
    logical_and_or_bit_or       go to state 78
    bit_or_or_bit_and           go to state 79
    bit_and_or_eq               go to state 80
    eq_neq_or_compare           go to state 81
    compare_or_sum              go to state 82
    sum_sub_or_mult_div_or_pow  go to state 83
    mult_div_or_pow             go to state 84
    pow_or_op                   go to state 85
    op                          go to state 86
    opt_op_unary                go to state 87


State 59

   55 input: TK_PR_INPUT TK_IDENTIFICADOR .

    $default  reduce using rule 55 (input)


State 60

   46 literal: TK_LIT_FALSE .

    $default  reduce using rule 46 (literal)


State 61

   47 literal: TK_LIT_TRUE .

    $default  reduce using rule 47 (literal)


State 62

   48 literal: TK_LIT_CHAR .

    $default  reduce using rule 48 (literal)


State 63

   49 literal: TK_LIT_STRING .

    $default  reduce using rule 49 (literal)


State 64

   56 output: TK_PR_OUTPUT TK_IDENTIFICADOR .

    $default  reduce using rule 56 (output)


State 65

   50 opt_sign: '+' .

    $default  reduce using rule 50 (opt_sign)


State 66

   51 opt_sign: '-' .

    $default  reduce using rule 51 (opt_sign)


State 67

   57 output: TK_PR_OUTPUT literal .

    $default  reduce using rule 57 (output)


State 68

   44 literal: opt_sign . TK_LIT_INT
   45        | opt_sign . TK_LIT_FLOAT

    TK_LIT_INT    shift, and go to state 98
    TK_LIT_FLOAT  shift, and go to state 99


State 69

  115 opt_op_unary: '&' .

    $default  reduce using rule 115 (opt_op_unary)


State 70

  118 opt_op_unary: '#' .

    $default  reduce using rule 118 (opt_op_unary)


State 71

  112 opt_op_unary: '+' .

    $default  reduce using rule 112 (opt_op_unary)


State 72

  113 opt_op_unary: '-' .

    $default  reduce using rule 113 (opt_op_unary)


State 73

  117 opt_op_unary: '?' .

    $default  reduce using rule 117 (opt_op_unary)


State 74

  116 opt_op_unary: '*' .

    $default  reduce using rule 116 (opt_op_unary)


State 75

  114 opt_op_unary: '!' .

    $default  reduce using rule 114 (opt_op_unary)


State 76

   68 return: TK_PR_RETURN expr .

    $default  reduce using rule 68 (return)


State 77

   74 expr: logical_or_or_and . '?' expr ':' expr
   75     | logical_or_or_and .
   76 logical_or_or_and: logical_or_or_and . TK_OC_OR logical_and_or_bit_or

    TK_OC_OR  shift, and go to state 100
    '?'       shift, and go to state 101

    $default  reduce using rule 75 (expr)


State 78

   77 logical_or_or_and: logical_and_or_bit_or .
   78 logical_and_or_bit_or: logical_and_or_bit_or . TK_OC_AND bit_or_or_bit_and

    TK_OC_AND  shift, and go to state 102

    $default  reduce using rule 77 (logical_or_or_and)


State 79

   79 logical_and_or_bit_or: bit_or_or_bit_and .
   80 bit_or_or_bit_and: bit_or_or_bit_and . '|' bit_and_or_eq

    '|'  shift, and go to state 103

    $default  reduce using rule 79 (logical_and_or_bit_or)


State 80

   81 bit_or_or_bit_and: bit_and_or_eq .
   82 bit_and_or_eq: bit_and_or_eq . '&' eq_neq_or_compare

    '&'  shift, and go to state 104

    $default  reduce using rule 81 (bit_or_or_bit_and)


State 81

   83 bit_and_or_eq: eq_neq_or_compare .
   84 eq_neq_or_compare: eq_neq_or_compare . TK_OC_EQ compare_or_sum
   85                  | eq_neq_or_compare . TK_OC_NE compare_or_sum

    TK_OC_EQ  shift, and go to state 105
    TK_OC_NE  shift, and go to state 106

    $default  reduce using rule 83 (bit_and_or_eq)


State 82

   86 eq_neq_or_compare: compare_or_sum .
   87 compare_or_sum: compare_or_sum . TK_OC_LE sum_sub_or_mult_div_or_pow
   88               | compare_or_sum . TK_OC_GE sum_sub_or_mult_div_or_pow
   89               | compare_or_sum . '<' sum_sub_or_mult_div_or_pow
   90               | compare_or_sum . '>' sum_sub_or_mult_div_or_pow

    TK_OC_LE  shift, and go to state 107
    TK_OC_GE  shift, and go to state 108
    '<'       shift, and go to state 109
    '>'       shift, and go to state 110

    $default  reduce using rule 86 (eq_neq_or_compare)


State 83

   91 compare_or_sum: sum_sub_or_mult_div_or_pow .
   92 sum_sub_or_mult_div_or_pow: sum_sub_or_mult_div_or_pow . '+' mult_div_or_pow
   93                           | sum_sub_or_mult_div_or_pow . '-' mult_div_or_pow

    '+'  shift, and go to state 111
    '-'  shift, and go to state 112

    $default  reduce using rule 91 (compare_or_sum)


State 84

   94 sum_sub_or_mult_div_or_pow: mult_div_or_pow .
   95 mult_div_or_pow: mult_div_or_pow . '*' pow_or_op
   96                | mult_div_or_pow . '/' pow_or_op
   97                | mult_div_or_pow . '%' pow_or_op

    '*'  shift, and go to state 113
    '/'  shift, and go to state 114
    '%'  shift, and go to state 115

    $default  reduce using rule 94 (sum_sub_or_mult_div_or_pow)


State 85

   98 mult_div_or_pow: pow_or_op .
   99 pow_or_op: pow_or_op . '^' op

    '^'  shift, and go to state 116

    $default  reduce using rule 98 (mult_div_or_pow)


State 86

  100 pow_or_op: op .

    $default  reduce using rule 100 (pow_or_op)


State 87

  101 op: opt_op_unary . operand

    TK_LIT_INT        shift, and go to state 117
    TK_LIT_FLOAT      shift, and go to state 118
    TK_LIT_FALSE      shift, and go to state 119
    TK_LIT_TRUE       shift, and go to state 120
    TK_LIT_CHAR       shift, and go to state 121
    TK_LIT_STRING     shift, and go to state 122
    TK_IDENTIFICADOR  shift, and go to state 123
    '('               shift, and go to state 124

    func_call         go to state 125
    operand           go to state 126
    unsigned_literal  go to state 127


State 88

   72 for_block: TK_PR_FOR '(' . attr ':' expr ':' attr ')' '{' command_block '}'

    TK_IDENTIFICADOR  shift, and go to state 128

    attr  go to state 129


State 89

   54 attr: TK_IDENTIFICADOR '[' . expr ']' '=' expr
   64 optional_vec: '[' . expr ']'

    '&'  shift, and go to state 69
    '#'  shift, and go to state 70
    '+'  shift, and go to state 71
    '-'  shift, and go to state 72
    '?'  shift, and go to state 73
    '*'  shift, and go to state 74
    '!'  shift, and go to state 75

    $default  reduce using rule 119 (opt_op_unary)

    expr                        go to state 130
    logical_or_or_and           go to state 77
    logical_and_or_bit_or       go to state 78
    bit_or_or_bit_and           go to state 79
    bit_and_or_eq               go to state 80
    eq_neq_or_compare           go to state 81
    compare_or_sum              go to state 82
    sum_sub_or_mult_div_or_pow  go to state 83
    mult_div_or_pow             go to state 84
    pow_or_op                   go to state 85
    op                          go to state 86
    opt_op_unary                go to state 87


State 90

   58 func_call: TK_IDENTIFICADOR '(' . func_call_parameters_list ')'

    '&'  shift, and go to state 69
    '#'  shift, and go to state 70
    '+'  shift, and go to state 71
    '-'  shift, and go to state 72
    '?'  shift, and go to state 73
    '*'  shift, and go to state 74
    '!'  shift, and go to state 75

    ','       reduce using rule 62 (func_call_parameter)
    ')'       reduce using rule 62 (func_call_parameter)
    $default  reduce using rule 119 (opt_op_unary)

    func_call_parameters_list   go to state 131
    func_call_parameter         go to state 132
    expr                        go to state 133
    logical_or_or_and           go to state 77
    logical_and_or_bit_or       go to state 78
    bit_or_or_bit_and           go to state 79
    bit_and_or_eq               go to state 80
    eq_neq_or_compare           go to state 81
    compare_or_sum              go to state 82
    sum_sub_or_mult_div_or_pow  go to state 83
    mult_div_or_pow             go to state 84
    pow_or_op                   go to state 85
    op                          go to state 86
    opt_op_unary                go to state 87


State 91

   53 attr: TK_IDENTIFICADOR '=' . expr

    '&'  shift, and go to state 69
    '#'  shift, and go to state 70
    '+'  shift, and go to state 71
    '-'  shift, and go to state 72
    '?'  shift, and go to state 73
    '*'  shift, and go to state 74
    '!'  shift, and go to state 75

    $default  reduce using rule 119 (opt_op_unary)

    expr                        go to state 134
    logical_or_or_and           go to state 77
    logical_and_or_bit_or       go to state 78
    bit_or_or_bit_and           go to state 79
    bit_and_or_eq               go to state 80
    eq_neq_or_compare           go to state 81
    compare_or_sum              go to state 82
    sum_sub_or_mult_div_or_pow  go to state 83
    mult_div_or_pow             go to state 84
    pow_or_op                   go to state 85
    op                          go to state 86
    opt_op_unary                go to state 87


State 92

   63 shift: TK_IDENTIFICADOR optional_vec . shift_op TK_LIT_INT

    TK_OC_SL  shift, and go to state 135
    TK_OC_SR  shift, and go to state 136

    shift_op  go to state 137


State 93

   38 dec_var_local: static const . type var_local_list

    TK_PR_INT     shift, and go to state 7
    TK_PR_FLOAT   shift, and go to state 8
    TK_PR_BOOL    shift, and go to state 9
    TK_PR_CHAR    shift, and go to state 10
    TK_PR_STRING  shift, and go to state 11

    type  go to state 138


State 94

   16 func: static type TK_IDENTIFICADOR '(' parameters ')' '{' command_block '}' .

    $default  reduce using rule 16 (func)


State 95

   24 command_block: command ';' . command_block

    TK_PR_IF          shift, and go to state 35
    TK_PR_WHILE       shift, and go to state 36
    TK_PR_INPUT       shift, and go to state 37
    TK_PR_OUTPUT      shift, and go to state 38
    TK_PR_RETURN      shift, and go to state 39
    TK_PR_STATIC      shift, and go to state 3
    TK_PR_FOR         shift, and go to state 40
    TK_PR_BREAK       shift, and go to state 41
    TK_PR_CONTINUE    shift, and go to state 42
    TK_IDENTIFICADOR  shift, and go to state 43

    '}'       reduce using rule 25 (command_block)
    $default  reduce using rule 6 (static)

    static            go to state 44
    command_block     go to state 139
    command           go to state 46
    dec_var_local     go to state 47
    attr              go to state 48
    input             go to state 49
    output            go to state 50
    func_call         go to state 51
    shift             go to state 52
    return            go to state 53
    if_then_else_opt  go to state 54
    for_block         go to state 55
    while_block       go to state 56


State 96

   69 if_then_else_opt: TK_PR_IF '(' expr . ')' '{' command_block '}' else_opt

    ')'  shift, and go to state 140


State 97

   73 while_block: TK_PR_WHILE '(' expr . ')' TK_PR_DO '{' command_block '}'

    ')'  shift, and go to state 141


State 98

   44 literal: opt_sign TK_LIT_INT .

    $default  reduce using rule 44 (literal)


State 99

   45 literal: opt_sign TK_LIT_FLOAT .

    $default  reduce using rule 45 (literal)


State 100

   76 logical_or_or_and: logical_or_or_and TK_OC_OR . logical_and_or_bit_or

    '&'  shift, and go to state 69
    '#'  shift, and go to state 70
    '+'  shift, and go to state 71
    '-'  shift, and go to state 72
    '?'  shift, and go to state 73
    '*'  shift, and go to state 74
    '!'  shift, and go to state 75

    $default  reduce using rule 119 (opt_op_unary)

    logical_and_or_bit_or       go to state 142
    bit_or_or_bit_and           go to state 79
    bit_and_or_eq               go to state 80
    eq_neq_or_compare           go to state 81
    compare_or_sum              go to state 82
    sum_sub_or_mult_div_or_pow  go to state 83
    mult_div_or_pow             go to state 84
    pow_or_op                   go to state 85
    op                          go to state 86
    opt_op_unary                go to state 87


State 101

   74 expr: logical_or_or_and '?' . expr ':' expr

    '&'  shift, and go to state 69
    '#'  shift, and go to state 70
    '+'  shift, and go to state 71
    '-'  shift, and go to state 72
    '?'  shift, and go to state 73
    '*'  shift, and go to state 74
    '!'  shift, and go to state 75

    $default  reduce using rule 119 (opt_op_unary)

    expr                        go to state 143
    logical_or_or_and           go to state 77
    logical_and_or_bit_or       go to state 78
    bit_or_or_bit_and           go to state 79
    bit_and_or_eq               go to state 80
    eq_neq_or_compare           go to state 81
    compare_or_sum              go to state 82
    sum_sub_or_mult_div_or_pow  go to state 83
    mult_div_or_pow             go to state 84
    pow_or_op                   go to state 85
    op                          go to state 86
    opt_op_unary                go to state 87


State 102

   78 logical_and_or_bit_or: logical_and_or_bit_or TK_OC_AND . bit_or_or_bit_and

    '&'  shift, and go to state 69
    '#'  shift, and go to state 70
    '+'  shift, and go to state 71
    '-'  shift, and go to state 72
    '?'  shift, and go to state 73
    '*'  shift, and go to state 74
    '!'  shift, and go to state 75

    $default  reduce using rule 119 (opt_op_unary)

    bit_or_or_bit_and           go to state 144
    bit_and_or_eq               go to state 80
    eq_neq_or_compare           go to state 81
    compare_or_sum              go to state 82
    sum_sub_or_mult_div_or_pow  go to state 83
    mult_div_or_pow             go to state 84
    pow_or_op                   go to state 85
    op                          go to state 86
    opt_op_unary                go to state 87


State 103

   80 bit_or_or_bit_and: bit_or_or_bit_and '|' . bit_and_or_eq

    '&'  shift, and go to state 69
    '#'  shift, and go to state 70
    '+'  shift, and go to state 71
    '-'  shift, and go to state 72
    '?'  shift, and go to state 73
    '*'  shift, and go to state 74
    '!'  shift, and go to state 75

    $default  reduce using rule 119 (opt_op_unary)

    bit_and_or_eq               go to state 145
    eq_neq_or_compare           go to state 81
    compare_or_sum              go to state 82
    sum_sub_or_mult_div_or_pow  go to state 83
    mult_div_or_pow             go to state 84
    pow_or_op                   go to state 85
    op                          go to state 86
    opt_op_unary                go to state 87


State 104

   82 bit_and_or_eq: bit_and_or_eq '&' . eq_neq_or_compare

    '&'  shift, and go to state 69
    '#'  shift, and go to state 70
    '+'  shift, and go to state 71
    '-'  shift, and go to state 72
    '?'  shift, and go to state 73
    '*'  shift, and go to state 74
    '!'  shift, and go to state 75

    $default  reduce using rule 119 (opt_op_unary)

    eq_neq_or_compare           go to state 146
    compare_or_sum              go to state 82
    sum_sub_or_mult_div_or_pow  go to state 83
    mult_div_or_pow             go to state 84
    pow_or_op                   go to state 85
    op                          go to state 86
    opt_op_unary                go to state 87


State 105

   84 eq_neq_or_compare: eq_neq_or_compare TK_OC_EQ . compare_or_sum

    '&'  shift, and go to state 69
    '#'  shift, and go to state 70
    '+'  shift, and go to state 71
    '-'  shift, and go to state 72
    '?'  shift, and go to state 73
    '*'  shift, and go to state 74
    '!'  shift, and go to state 75

    $default  reduce using rule 119 (opt_op_unary)

    compare_or_sum              go to state 147
    sum_sub_or_mult_div_or_pow  go to state 83
    mult_div_or_pow             go to state 84
    pow_or_op                   go to state 85
    op                          go to state 86
    opt_op_unary                go to state 87


State 106

   85 eq_neq_or_compare: eq_neq_or_compare TK_OC_NE . compare_or_sum

    '&'  shift, and go to state 69
    '#'  shift, and go to state 70
    '+'  shift, and go to state 71
    '-'  shift, and go to state 72
    '?'  shift, and go to state 73
    '*'  shift, and go to state 74
    '!'  shift, and go to state 75

    $default  reduce using rule 119 (opt_op_unary)

    compare_or_sum              go to state 148
    sum_sub_or_mult_div_or_pow  go to state 83
    mult_div_or_pow             go to state 84
    pow_or_op                   go to state 85
    op                          go to state 86
    opt_op_unary                go to state 87


State 107

   87 compare_or_sum: compare_or_sum TK_OC_LE . sum_sub_or_mult_div_or_pow

    '&'  shift, and go to state 69
    '#'  shift, and go to state 70
    '+'  shift, and go to state 71
    '-'  shift, and go to state 72
    '?'  shift, and go to state 73
    '*'  shift, and go to state 74
    '!'  shift, and go to state 75

    $default  reduce using rule 119 (opt_op_unary)

    sum_sub_or_mult_div_or_pow  go to state 149
    mult_div_or_pow             go to state 84
    pow_or_op                   go to state 85
    op                          go to state 86
    opt_op_unary                go to state 87


State 108

   88 compare_or_sum: compare_or_sum TK_OC_GE . sum_sub_or_mult_div_or_pow

    '&'  shift, and go to state 69
    '#'  shift, and go to state 70
    '+'  shift, and go to state 71
    '-'  shift, and go to state 72
    '?'  shift, and go to state 73
    '*'  shift, and go to state 74
    '!'  shift, and go to state 75

    $default  reduce using rule 119 (opt_op_unary)

    sum_sub_or_mult_div_or_pow  go to state 150
    mult_div_or_pow             go to state 84
    pow_or_op                   go to state 85
    op                          go to state 86
    opt_op_unary                go to state 87


State 109

   89 compare_or_sum: compare_or_sum '<' . sum_sub_or_mult_div_or_pow

    '&'  shift, and go to state 69
    '#'  shift, and go to state 70
    '+'  shift, and go to state 71
    '-'  shift, and go to state 72
    '?'  shift, and go to state 73
    '*'  shift, and go to state 74
    '!'  shift, and go to state 75

    $default  reduce using rule 119 (opt_op_unary)

    sum_sub_or_mult_div_or_pow  go to state 151
    mult_div_or_pow             go to state 84
    pow_or_op                   go to state 85
    op                          go to state 86
    opt_op_unary                go to state 87


State 110

   90 compare_or_sum: compare_or_sum '>' . sum_sub_or_mult_div_or_pow

    '&'  shift, and go to state 69
    '#'  shift, and go to state 70
    '+'  shift, and go to state 71
    '-'  shift, and go to state 72
    '?'  shift, and go to state 73
    '*'  shift, and go to state 74
    '!'  shift, and go to state 75

    $default  reduce using rule 119 (opt_op_unary)

    sum_sub_or_mult_div_or_pow  go to state 152
    mult_div_or_pow             go to state 84
    pow_or_op                   go to state 85
    op                          go to state 86
    opt_op_unary                go to state 87


State 111

   92 sum_sub_or_mult_div_or_pow: sum_sub_or_mult_div_or_pow '+' . mult_div_or_pow

    '&'  shift, and go to state 69
    '#'  shift, and go to state 70
    '+'  shift, and go to state 71
    '-'  shift, and go to state 72
    '?'  shift, and go to state 73
    '*'  shift, and go to state 74
    '!'  shift, and go to state 75

    $default  reduce using rule 119 (opt_op_unary)

    mult_div_or_pow  go to state 153
    pow_or_op        go to state 85
    op               go to state 86
    opt_op_unary     go to state 87


State 112

   93 sum_sub_or_mult_div_or_pow: sum_sub_or_mult_div_or_pow '-' . mult_div_or_pow

    '&'  shift, and go to state 69
    '#'  shift, and go to state 70
    '+'  shift, and go to state 71
    '-'  shift, and go to state 72
    '?'  shift, and go to state 73
    '*'  shift, and go to state 74
    '!'  shift, and go to state 75

    $default  reduce using rule 119 (opt_op_unary)

    mult_div_or_pow  go to state 154
    pow_or_op        go to state 85
    op               go to state 86
    opt_op_unary     go to state 87


State 113

   95 mult_div_or_pow: mult_div_or_pow '*' . pow_or_op

    '&'  shift, and go to state 69
    '#'  shift, and go to state 70
    '+'  shift, and go to state 71
    '-'  shift, and go to state 72
    '?'  shift, and go to state 73
    '*'  shift, and go to state 74
    '!'  shift, and go to state 75

    $default  reduce using rule 119 (opt_op_unary)

    pow_or_op     go to state 155
    op            go to state 86
    opt_op_unary  go to state 87


State 114

   96 mult_div_or_pow: mult_div_or_pow '/' . pow_or_op

    '&'  shift, and go to state 69
    '#'  shift, and go to state 70
    '+'  shift, and go to state 71
    '-'  shift, and go to state 72
    '?'  shift, and go to state 73
    '*'  shift, and go to state 74
    '!'  shift, and go to state 75

    $default  reduce using rule 119 (opt_op_unary)

    pow_or_op     go to state 156
    op            go to state 86
    opt_op_unary  go to state 87


State 115

   97 mult_div_or_pow: mult_div_or_pow '%' . pow_or_op

    '&'  shift, and go to state 69
    '#'  shift, and go to state 70
    '+'  shift, and go to state 71
    '-'  shift, and go to state 72
    '?'  shift, and go to state 73
    '*'  shift, and go to state 74
    '!'  shift, and go to state 75

    $default  reduce using rule 119 (opt_op_unary)

    pow_or_op     go to state 157
    op            go to state 86
    opt_op_unary  go to state 87


State 116

   99 pow_or_op: pow_or_op '^' . op

    '&'  shift, and go to state 69
    '#'  shift, and go to state 70
    '+'  shift, and go to state 71
    '-'  shift, and go to state 72
    '?'  shift, and go to state 73
    '*'  shift, and go to state 74
    '!'  shift, and go to state 75

    $default  reduce using rule 119 (opt_op_unary)

    op            go to state 158
    opt_op_unary  go to state 87


State 117

  106 unsigned_literal: TK_LIT_INT .

    $default  reduce using rule 106 (unsigned_literal)


State 118

  107 unsigned_literal: TK_LIT_FLOAT .

    $default  reduce using rule 107 (unsigned_literal)


State 119

  108 unsigned_literal: TK_LIT_FALSE .

    $default  reduce using rule 108 (unsigned_literal)


State 120

  109 unsigned_literal: TK_LIT_TRUE .

    $default  reduce using rule 109 (unsigned_literal)


State 121

  110 unsigned_literal: TK_LIT_CHAR .

    $default  reduce using rule 110 (unsigned_literal)


State 122

  111 unsigned_literal: TK_LIT_STRING .

    $default  reduce using rule 111 (unsigned_literal)


State 123

   58 func_call: TK_IDENTIFICADOR . '(' func_call_parameters_list ')'
  103 operand: TK_IDENTIFICADOR . optional_vec

    '['  shift, and go to state 159
    '('  shift, and go to state 90

    $default  reduce using rule 65 (optional_vec)

    optional_vec  go to state 160


State 124

  105 operand: '(' . expr ')'

    '&'  shift, and go to state 69
    '#'  shift, and go to state 70
    '+'  shift, and go to state 71
    '-'  shift, and go to state 72
    '?'  shift, and go to state 73
    '*'  shift, and go to state 74
    '!'  shift, and go to state 75

    $default  reduce using rule 119 (opt_op_unary)

    expr                        go to state 161
    logical_or_or_and           go to state 77
    logical_and_or_bit_or       go to state 78
    bit_or_or_bit_and           go to state 79
    bit_and_or_eq               go to state 80
    eq_neq_or_compare           go to state 81
    compare_or_sum              go to state 82
    sum_sub_or_mult_div_or_pow  go to state 83
    mult_div_or_pow             go to state 84
    pow_or_op                   go to state 85
    op                          go to state 86
    opt_op_unary                go to state 87


State 125

  104 operand: func_call .

    $default  reduce using rule 104 (operand)


State 126

  101 op: opt_op_unary operand .

    $default  reduce using rule 101 (op)


State 127

  102 operand: unsigned_literal .

    $default  reduce using rule 102 (operand)


State 128

   53 attr: TK_IDENTIFICADOR . '=' expr
   54     | TK_IDENTIFICADOR . '[' expr ']' '=' expr

    '['  shift, and go to state 162
    '='  shift, and go to state 91


State 129

   72 for_block: TK_PR_FOR '(' attr . ':' expr ':' attr ')' '{' command_block '}'

    ':'  shift, and go to state 163


State 130

   54 attr: TK_IDENTIFICADOR '[' expr . ']' '=' expr
   64 optional_vec: '[' expr . ']'

    ']'  shift, and go to state 164


State 131

   58 func_call: TK_IDENTIFICADOR '(' func_call_parameters_list . ')'

    ')'  shift, and go to state 165


State 132

   59 func_call_parameters_list: func_call_parameter . ',' func_call_parameters_list
   60                          | func_call_parameter .

    ','  shift, and go to state 166

    $default  reduce using rule 60 (func_call_parameters_list)


State 133

   61 func_call_parameter: expr .

    $default  reduce using rule 61 (func_call_parameter)


State 134

   53 attr: TK_IDENTIFICADOR '=' expr .

    $default  reduce using rule 53 (attr)


State 135

   66 shift_op: TK_OC_SL .

    $default  reduce using rule 66 (shift_op)


State 136

   67 shift_op: TK_OC_SR .

    $default  reduce using rule 67 (shift_op)


State 137

   63 shift: TK_IDENTIFICADOR optional_vec shift_op . TK_LIT_INT

    TK_LIT_INT  shift, and go to state 167


State 138

   38 dec_var_local: static const type . var_local_list

    TK_IDENTIFICADOR  shift, and go to state 168

    var_local_list  go to state 169
    var_local       go to state 170


State 139

   24 command_block: command ';' command_block .

    $default  reduce using rule 24 (command_block)


State 140

   69 if_then_else_opt: TK_PR_IF '(' expr ')' . '{' command_block '}' else_opt

    '{'  shift, and go to state 171


State 141

   73 while_block: TK_PR_WHILE '(' expr ')' . TK_PR_DO '{' command_block '}'

    TK_PR_DO  shift, and go to state 172


State 142

   76 logical_or_or_and: logical_or_or_and TK_OC_OR logical_and_or_bit_or .
   78 logical_and_or_bit_or: logical_and_or_bit_or . TK_OC_AND bit_or_or_bit_and

    TK_OC_AND  shift, and go to state 102

    $default  reduce using rule 76 (logical_or_or_and)


State 143

   74 expr: logical_or_or_and '?' expr . ':' expr

    ':'  shift, and go to state 173


State 144

   78 logical_and_or_bit_or: logical_and_or_bit_or TK_OC_AND bit_or_or_bit_and .
   80 bit_or_or_bit_and: bit_or_or_bit_and . '|' bit_and_or_eq

    '|'  shift, and go to state 103

    $default  reduce using rule 78 (logical_and_or_bit_or)


State 145

   80 bit_or_or_bit_and: bit_or_or_bit_and '|' bit_and_or_eq .
   82 bit_and_or_eq: bit_and_or_eq . '&' eq_neq_or_compare

    '&'  shift, and go to state 104

    $default  reduce using rule 80 (bit_or_or_bit_and)


State 146

   82 bit_and_or_eq: bit_and_or_eq '&' eq_neq_or_compare .
   84 eq_neq_or_compare: eq_neq_or_compare . TK_OC_EQ compare_or_sum
   85                  | eq_neq_or_compare . TK_OC_NE compare_or_sum

    TK_OC_EQ  shift, and go to state 105
    TK_OC_NE  shift, and go to state 106

    $default  reduce using rule 82 (bit_and_or_eq)


State 147

   84 eq_neq_or_compare: eq_neq_or_compare TK_OC_EQ compare_or_sum .
   87 compare_or_sum: compare_or_sum . TK_OC_LE sum_sub_or_mult_div_or_pow
   88               | compare_or_sum . TK_OC_GE sum_sub_or_mult_div_or_pow
   89               | compare_or_sum . '<' sum_sub_or_mult_div_or_pow
   90               | compare_or_sum . '>' sum_sub_or_mult_div_or_pow

    TK_OC_LE  shift, and go to state 107
    TK_OC_GE  shift, and go to state 108
    '<'       shift, and go to state 109
    '>'       shift, and go to state 110

    $default  reduce using rule 84 (eq_neq_or_compare)


State 148

   85 eq_neq_or_compare: eq_neq_or_compare TK_OC_NE compare_or_sum .
   87 compare_or_sum: compare_or_sum . TK_OC_LE sum_sub_or_mult_div_or_pow
   88               | compare_or_sum . TK_OC_GE sum_sub_or_mult_div_or_pow
   89               | compare_or_sum . '<' sum_sub_or_mult_div_or_pow
   90               | compare_or_sum . '>' sum_sub_or_mult_div_or_pow

    TK_OC_LE  shift, and go to state 107
    TK_OC_GE  shift, and go to state 108
    '<'       shift, and go to state 109
    '>'       shift, and go to state 110

    $default  reduce using rule 85 (eq_neq_or_compare)


State 149

   87 compare_or_sum: compare_or_sum TK_OC_LE sum_sub_or_mult_div_or_pow .
   92 sum_sub_or_mult_div_or_pow: sum_sub_or_mult_div_or_pow . '+' mult_div_or_pow
   93                           | sum_sub_or_mult_div_or_pow . '-' mult_div_or_pow

    '+'  shift, and go to state 111
    '-'  shift, and go to state 112

    $default  reduce using rule 87 (compare_or_sum)


State 150

   88 compare_or_sum: compare_or_sum TK_OC_GE sum_sub_or_mult_div_or_pow .
   92 sum_sub_or_mult_div_or_pow: sum_sub_or_mult_div_or_pow . '+' mult_div_or_pow
   93                           | sum_sub_or_mult_div_or_pow . '-' mult_div_or_pow

    '+'  shift, and go to state 111
    '-'  shift, and go to state 112

    $default  reduce using rule 88 (compare_or_sum)


State 151

   89 compare_or_sum: compare_or_sum '<' sum_sub_or_mult_div_or_pow .
   92 sum_sub_or_mult_div_or_pow: sum_sub_or_mult_div_or_pow . '+' mult_div_or_pow
   93                           | sum_sub_or_mult_div_or_pow . '-' mult_div_or_pow

    '+'  shift, and go to state 111
    '-'  shift, and go to state 112

    $default  reduce using rule 89 (compare_or_sum)


State 152

   90 compare_or_sum: compare_or_sum '>' sum_sub_or_mult_div_or_pow .
   92 sum_sub_or_mult_div_or_pow: sum_sub_or_mult_div_or_pow . '+' mult_div_or_pow
   93                           | sum_sub_or_mult_div_or_pow . '-' mult_div_or_pow

    '+'  shift, and go to state 111
    '-'  shift, and go to state 112

    $default  reduce using rule 90 (compare_or_sum)


State 153

   92 sum_sub_or_mult_div_or_pow: sum_sub_or_mult_div_or_pow '+' mult_div_or_pow .
   95 mult_div_or_pow: mult_div_or_pow . '*' pow_or_op
   96                | mult_div_or_pow . '/' pow_or_op
   97                | mult_div_or_pow . '%' pow_or_op

    '*'  shift, and go to state 113
    '/'  shift, and go to state 114
    '%'  shift, and go to state 115

    $default  reduce using rule 92 (sum_sub_or_mult_div_or_pow)


State 154

   93 sum_sub_or_mult_div_or_pow: sum_sub_or_mult_div_or_pow '-' mult_div_or_pow .
   95 mult_div_or_pow: mult_div_or_pow . '*' pow_or_op
   96                | mult_div_or_pow . '/' pow_or_op
   97                | mult_div_or_pow . '%' pow_or_op

    '*'  shift, and go to state 113
    '/'  shift, and go to state 114
    '%'  shift, and go to state 115

    $default  reduce using rule 93 (sum_sub_or_mult_div_or_pow)


State 155

   95 mult_div_or_pow: mult_div_or_pow '*' pow_or_op .
   99 pow_or_op: pow_or_op . '^' op

    '^'  shift, and go to state 116

    $default  reduce using rule 95 (mult_div_or_pow)


State 156

   96 mult_div_or_pow: mult_div_or_pow '/' pow_or_op .
   99 pow_or_op: pow_or_op . '^' op

    '^'  shift, and go to state 116

    $default  reduce using rule 96 (mult_div_or_pow)


State 157

   97 mult_div_or_pow: mult_div_or_pow '%' pow_or_op .
   99 pow_or_op: pow_or_op . '^' op

    '^'  shift, and go to state 116

    $default  reduce using rule 97 (mult_div_or_pow)


State 158

   99 pow_or_op: pow_or_op '^' op .

    $default  reduce using rule 99 (pow_or_op)


State 159

   64 optional_vec: '[' . expr ']'

    '&'  shift, and go to state 69
    '#'  shift, and go to state 70
    '+'  shift, and go to state 71
    '-'  shift, and go to state 72
    '?'  shift, and go to state 73
    '*'  shift, and go to state 74
    '!'  shift, and go to state 75

    $default  reduce using rule 119 (opt_op_unary)

    expr                        go to state 174
    logical_or_or_and           go to state 77
    logical_and_or_bit_or       go to state 78
    bit_or_or_bit_and           go to state 79
    bit_and_or_eq               go to state 80
    eq_neq_or_compare           go to state 81
    compare_or_sum              go to state 82
    sum_sub_or_mult_div_or_pow  go to state 83
    mult_div_or_pow             go to state 84
    pow_or_op                   go to state 85
    op                          go to state 86
    opt_op_unary                go to state 87


State 160

  103 operand: TK_IDENTIFICADOR optional_vec .

    $default  reduce using rule 103 (operand)


State 161

  105 operand: '(' expr . ')'

    ')'  shift, and go to state 175


State 162

   54 attr: TK_IDENTIFICADOR '[' . expr ']' '=' expr

    '&'  shift, and go to state 69
    '#'  shift, and go to state 70
    '+'  shift, and go to state 71
    '-'  shift, and go to state 72
    '?'  shift, and go to state 73
    '*'  shift, and go to state 74
    '!'  shift, and go to state 75

    $default  reduce using rule 119 (opt_op_unary)

    expr                        go to state 176
    logical_or_or_and           go to state 77
    logical_and_or_bit_or       go to state 78
    bit_or_or_bit_and           go to state 79
    bit_and_or_eq               go to state 80
    eq_neq_or_compare           go to state 81
    compare_or_sum              go to state 82
    sum_sub_or_mult_div_or_pow  go to state 83
    mult_div_or_pow             go to state 84
    pow_or_op                   go to state 85
    op                          go to state 86
    opt_op_unary                go to state 87


State 163

   72 for_block: TK_PR_FOR '(' attr ':' . expr ':' attr ')' '{' command_block '}'

    '&'  shift, and go to state 69
    '#'  shift, and go to state 70
    '+'  shift, and go to state 71
    '-'  shift, and go to state 72
    '?'  shift, and go to state 73
    '*'  shift, and go to state 74
    '!'  shift, and go to state 75

    $default  reduce using rule 119 (opt_op_unary)

    expr                        go to state 177
    logical_or_or_and           go to state 77
    logical_and_or_bit_or       go to state 78
    bit_or_or_bit_and           go to state 79
    bit_and_or_eq               go to state 80
    eq_neq_or_compare           go to state 81
    compare_or_sum              go to state 82
    sum_sub_or_mult_div_or_pow  go to state 83
    mult_div_or_pow             go to state 84
    pow_or_op                   go to state 85
    op                          go to state 86
    opt_op_unary                go to state 87


State 164

   54 attr: TK_IDENTIFICADOR '[' expr ']' . '=' expr
   64 optional_vec: '[' expr ']' .

    '='  shift, and go to state 178

    $default  reduce using rule 64 (optional_vec)


State 165

   58 func_call: TK_IDENTIFICADOR '(' func_call_parameters_list ')' .

    $default  reduce using rule 58 (func_call)


State 166

   59 func_call_parameters_list: func_call_parameter ',' . func_call_parameters_list

    '&'  shift, and go to state 69
    '#'  shift, and go to state 70
    '+'  shift, and go to state 71
    '-'  shift, and go to state 72
    '?'  shift, and go to state 73
    '*'  shift, and go to state 74
    '!'  shift, and go to state 75

    ','       reduce using rule 62 (func_call_parameter)
    ')'       reduce using rule 62 (func_call_parameter)
    $default  reduce using rule 119 (opt_op_unary)

    func_call_parameters_list   go to state 179
    func_call_parameter         go to state 132
    expr                        go to state 133
    logical_or_or_and           go to state 77
    logical_and_or_bit_or       go to state 78
    bit_or_or_bit_and           go to state 79
    bit_and_or_eq               go to state 80
    eq_neq_or_compare           go to state 81
    compare_or_sum              go to state 82
    sum_sub_or_mult_div_or_pow  go to state 83
    mult_div_or_pow             go to state 84
    pow_or_op                   go to state 85
    op                          go to state 86
    opt_op_unary                go to state 87


State 167

   63 shift: TK_IDENTIFICADOR optional_vec shift_op TK_LIT_INT .

    $default  reduce using rule 63 (shift)


State 168

   41 var_local: TK_IDENTIFICADOR .
   42          | TK_IDENTIFICADOR . TK_OC_LE TK_IDENTIFICADOR
   43          | TK_IDENTIFICADOR . TK_OC_LE literal

    TK_OC_LE  shift, and go to state 180

    $default  reduce using rule 41 (var_local)


State 169

   38 dec_var_local: static const type var_local_list .

    $default  reduce using rule 38 (dec_var_local)


State 170

   39 var_local_list: var_local . ',' var_local_list
   40               | var_local .

    ','  shift, and go to state 181

    $default  reduce using rule 40 (var_local_list)


State 171

   69 if_then_else_opt: TK_PR_IF '(' expr ')' '{' . command_block '}' else_opt

    TK_PR_IF          shift, and go to state 35
    TK_PR_WHILE       shift, and go to state 36
    TK_PR_INPUT       shift, and go to state 37
    TK_PR_OUTPUT      shift, and go to state 38
    TK_PR_RETURN      shift, and go to state 39
    TK_PR_STATIC      shift, and go to state 3
    TK_PR_FOR         shift, and go to state 40
    TK_PR_BREAK       shift, and go to state 41
    TK_PR_CONTINUE    shift, and go to state 42
    TK_IDENTIFICADOR  shift, and go to state 43

    '}'       reduce using rule 25 (command_block)
    $default  reduce using rule 6 (static)

    static            go to state 44
    command_block     go to state 182
    command           go to state 46
    dec_var_local     go to state 47
    attr              go to state 48
    input             go to state 49
    output            go to state 50
    func_call         go to state 51
    shift             go to state 52
    return            go to state 53
    if_then_else_opt  go to state 54
    for_block         go to state 55
    while_block       go to state 56


State 172

   73 while_block: TK_PR_WHILE '(' expr ')' TK_PR_DO . '{' command_block '}'

    '{'  shift, and go to state 183


State 173

   74 expr: logical_or_or_and '?' expr ':' . expr

    '&'  shift, and go to state 69
    '#'  shift, and go to state 70
    '+'  shift, and go to state 71
    '-'  shift, and go to state 72
    '?'  shift, and go to state 73
    '*'  shift, and go to state 74
    '!'  shift, and go to state 75

    $default  reduce using rule 119 (opt_op_unary)

    expr                        go to state 184
    logical_or_or_and           go to state 77
    logical_and_or_bit_or       go to state 78
    bit_or_or_bit_and           go to state 79
    bit_and_or_eq               go to state 80
    eq_neq_or_compare           go to state 81
    compare_or_sum              go to state 82
    sum_sub_or_mult_div_or_pow  go to state 83
    mult_div_or_pow             go to state 84
    pow_or_op                   go to state 85
    op                          go to state 86
    opt_op_unary                go to state 87


State 174

   64 optional_vec: '[' expr . ']'

    ']'  shift, and go to state 185


State 175

  105 operand: '(' expr ')' .

    $default  reduce using rule 105 (operand)


State 176

   54 attr: TK_IDENTIFICADOR '[' expr . ']' '=' expr

    ']'  shift, and go to state 186


State 177

   72 for_block: TK_PR_FOR '(' attr ':' expr . ':' attr ')' '{' command_block '}'

    ':'  shift, and go to state 187


State 178

   54 attr: TK_IDENTIFICADOR '[' expr ']' '=' . expr

    '&'  shift, and go to state 69
    '#'  shift, and go to state 70
    '+'  shift, and go to state 71
    '-'  shift, and go to state 72
    '?'  shift, and go to state 73
    '*'  shift, and go to state 74
    '!'  shift, and go to state 75

    $default  reduce using rule 119 (opt_op_unary)

    expr                        go to state 188
    logical_or_or_and           go to state 77
    logical_and_or_bit_or       go to state 78
    bit_or_or_bit_and           go to state 79
    bit_and_or_eq               go to state 80
    eq_neq_or_compare           go to state 81
    compare_or_sum              go to state 82
    sum_sub_or_mult_div_or_pow  go to state 83
    mult_div_or_pow             go to state 84
    pow_or_op                   go to state 85
    op                          go to state 86
    opt_op_unary                go to state 87


State 179

   59 func_call_parameters_list: func_call_parameter ',' func_call_parameters_list .

    $default  reduce using rule 59 (func_call_parameters_list)


State 180

   42 var_local: TK_IDENTIFICADOR TK_OC_LE . TK_IDENTIFICADOR
   43          | TK_IDENTIFICADOR TK_OC_LE . literal

    TK_LIT_FALSE      shift, and go to state 60
    TK_LIT_TRUE       shift, and go to state 61
    TK_LIT_CHAR       shift, and go to state 62
    TK_LIT_STRING     shift, and go to state 63
    TK_IDENTIFICADOR  shift, and go to state 189
    '+'               shift, and go to state 65
    '-'               shift, and go to state 66

    $default  reduce using rule 52 (opt_sign)

    literal   go to state 190
    opt_sign  go to state 68


State 181

   39 var_local_list: var_local ',' . var_local_list

    TK_IDENTIFICADOR  shift, and go to state 168

    var_local_list  go to state 191
    var_local       go to state 170


State 182

   69 if_then_else_opt: TK_PR_IF '(' expr ')' '{' command_block . '}' else_opt

    '}'  shift, and go to state 192


State 183

   73 while_block: TK_PR_WHILE '(' expr ')' TK_PR_DO '{' . command_block '}'

    TK_PR_IF          shift, and go to state 35
    TK_PR_WHILE       shift, and go to state 36
    TK_PR_INPUT       shift, and go to state 37
    TK_PR_OUTPUT      shift, and go to state 38
    TK_PR_RETURN      shift, and go to state 39
    TK_PR_STATIC      shift, and go to state 3
    TK_PR_FOR         shift, and go to state 40
    TK_PR_BREAK       shift, and go to state 41
    TK_PR_CONTINUE    shift, and go to state 42
    TK_IDENTIFICADOR  shift, and go to state 43

    '}'       reduce using rule 25 (command_block)
    $default  reduce using rule 6 (static)

    static            go to state 44
    command_block     go to state 193
    command           go to state 46
    dec_var_local     go to state 47
    attr              go to state 48
    input             go to state 49
    output            go to state 50
    func_call         go to state 51
    shift             go to state 52
    return            go to state 53
    if_then_else_opt  go to state 54
    for_block         go to state 55
    while_block       go to state 56


State 184

   74 expr: logical_or_or_and '?' expr ':' expr .

    $default  reduce using rule 74 (expr)


State 185

   64 optional_vec: '[' expr ']' .

    $default  reduce using rule 64 (optional_vec)


State 186

   54 attr: TK_IDENTIFICADOR '[' expr ']' . '=' expr

    '='  shift, and go to state 178


State 187

   72 for_block: TK_PR_FOR '(' attr ':' expr ':' . attr ')' '{' command_block '}'

    TK_IDENTIFICADOR  shift, and go to state 128

    attr  go to state 194


State 188

   54 attr: TK_IDENTIFICADOR '[' expr ']' '=' expr .

    $default  reduce using rule 54 (attr)


State 189

   42 var_local: TK_IDENTIFICADOR TK_OC_LE TK_IDENTIFICADOR .

    $default  reduce using rule 42 (var_local)


State 190

   43 var_local: TK_IDENTIFICADOR TK_OC_LE literal .

    $default  reduce using rule 43 (var_local)


State 191

   39 var_local_list: var_local ',' var_local_list .

    $default  reduce using rule 39 (var_local_list)


State 192

   69 if_then_else_opt: TK_PR_IF '(' expr ')' '{' command_block '}' . else_opt

    TK_PR_ELSE  shift, and go to state 195

    $default  reduce using rule 71 (else_opt)

    else_opt  go to state 196


State 193

   73 while_block: TK_PR_WHILE '(' expr ')' TK_PR_DO '{' command_block . '}'

    '}'  shift, and go to state 197


State 194

   72 for_block: TK_PR_FOR '(' attr ':' expr ':' attr . ')' '{' command_block '}'

    ')'  shift, and go to state 198


State 195

   70 else_opt: TK_PR_ELSE . '{' command_block '}'

    '{'  shift, and go to state 199


State 196

   69 if_then_else_opt: TK_PR_IF '(' expr ')' '{' command_block '}' else_opt .

    $default  reduce using rule 69 (if_then_else_opt)


State 197

   73 while_block: TK_PR_WHILE '(' expr ')' TK_PR_DO '{' command_block '}' .

    $default  reduce using rule 73 (while_block)


State 198

   72 for_block: TK_PR_FOR '(' attr ':' expr ':' attr ')' . '{' command_block '}'

    '{'  shift, and go to state 200


State 199

   70 else_opt: TK_PR_ELSE '{' . command_block '}'

    TK_PR_IF          shift, and go to state 35
    TK_PR_WHILE       shift, and go to state 36
    TK_PR_INPUT       shift, and go to state 37
    TK_PR_OUTPUT      shift, and go to state 38
    TK_PR_RETURN      shift, and go to state 39
    TK_PR_STATIC      shift, and go to state 3
    TK_PR_FOR         shift, and go to state 40
    TK_PR_BREAK       shift, and go to state 41
    TK_PR_CONTINUE    shift, and go to state 42
    TK_IDENTIFICADOR  shift, and go to state 43

    '}'       reduce using rule 25 (command_block)
    $default  reduce using rule 6 (static)

    static            go to state 44
    command_block     go to state 201
    command           go to state 46
    dec_var_local     go to state 47
    attr              go to state 48
    input             go to state 49
    output            go to state 50
    func_call         go to state 51
    shift             go to state 52
    return            go to state 53
    if_then_else_opt  go to state 54
    for_block         go to state 55
    while_block       go to state 56


State 200

   72 for_block: TK_PR_FOR '(' attr ':' expr ':' attr ')' '{' . command_block '}'

    TK_PR_IF          shift, and go to state 35
    TK_PR_WHILE       shift, and go to state 36
    TK_PR_INPUT       shift, and go to state 37
    TK_PR_OUTPUT      shift, and go to state 38
    TK_PR_RETURN      shift, and go to state 39
    TK_PR_STATIC      shift, and go to state 3
    TK_PR_FOR         shift, and go to state 40
    TK_PR_BREAK       shift, and go to state 41
    TK_PR_CONTINUE    shift, and go to state 42
    TK_IDENTIFICADOR  shift, and go to state 43

    '}'       reduce using rule 25 (command_block)
    $default  reduce using rule 6 (static)

    static            go to state 44
    command_block     go to state 202
    command           go to state 46
    dec_var_local     go to state 47
    attr              go to state 48
    input             go to state 49
    output            go to state 50
    func_call         go to state 51
    shift             go to state 52
    return            go to state 53
    if_then_else_opt  go to state 54
    for_block         go to state 55
    while_block       go to state 56


State 201

   70 else_opt: TK_PR_ELSE '{' command_block . '}'

    '}'  shift, and go to state 203


State 202

   72 for_block: TK_PR_FOR '(' attr ':' expr ':' attr ')' '{' command_block . '}'

    '}'  shift, and go to state 204


State 203

   70 else_opt: TK_PR_ELSE '{' command_block '}' .

    $default  reduce using rule 70 (else_opt)


State 204

   72 for_block: TK_PR_FOR '(' attr ':' expr ':' attr ')' '{' command_block '}' .

    $default  reduce using rule 72 (for_block)
